[debug] [2019-07-03T18:49:20.061Z] ----------------------------------------------------------------------
[debug] [2019-07-03T18:49:20.064Z] Command:       /usr/local/bin/node /usr/local/bin/firebase init
[debug] [2019-07-03T18:49:20.065Z] CLI Version:   6.9.0
[debug] [2019-07-03T18:49:20.065Z] Platform:      darwin
[debug] [2019-07-03T18:49:20.065Z] Node Version:  v10.15.3
[debug] [2019-07-03T18:49:20.066Z] Time:          Wed Jul 03 2019 13:49:20 GMT-0500 (Central Daylight Time)
[debug] [2019-07-03T18:49:20.066Z] ----------------------------------------------------------------------
[debug] 
[debug] [2019-07-03T18:49:20.086Z] > command requires scopes: ["email","openid","https://www.googleapis.com/auth/cloudplatformprojects.readonly","https://www.googleapis.com/auth/firebase","https://www.googleapis.com/auth/cloud-platform"]
[debug] [2019-07-03T18:49:20.086Z] > authorizing via signed-in user
[info] 
     ######## #### ########  ######## ########     ###     ######  ########
     ##        ##  ##     ## ##       ##     ##  ##   ##  ##       ##
     ######    ##  ########  ######   ########  #########  ######  ######
     ##        ##  ##    ##  ##       ##     ## ##     ##       ## ##
     ##       #### ##     ## ######## ########  ##     ##  ######  ########

You're about to initialize a Firebase project in this directory:

  /Users/admin/Desktop/pandemia

Before we get started, keep in mind:

  * You are initializing in an existing Firebase project directory

